# JRE version: OpenJDK Runtime Environment (8.0_262-b10) (build 1.8.0_262-b10)
# Java VM: OpenJDK 64-Bit Server VM (25.262-b10 mixed mode windows-amd64 compressed oops)
Heap:
 PSYoungGen      total 143360K, used 34263K [0x00000000f5580000, 0x0000000100000000, 0x0000000100000000)
  eden space 127488K, 14% used [0x00000000f5580000,0x00000000f677c598,0x00000000fd200000)
  from space 15872K, 99% used [0x00000000ff080000,0x00000000ffff97c8,0x0000000100000000)
  to   space 23552K, 0% used [0x00000000fd200000,0x00000000fd200000,0x00000000fe900000)
 ParOldGen       total 175104K, used 28186K [0x00000000e0000000, 0x00000000eab00000, 0x00000000f5580000)
  object space 175104K, 16% used [0x00000000e0000000,0x00000000e1b86ba0,0x00000000eab00000)
 Metaspace       used 54777K, capacity 57178K, committed 57256K, reserved 1097728K
  class space    used 7490K, capacity 8101K, committed 8112K, reserved 1048576K
GC Heap History (10 events):
Event: 15.003 GC heap before
{Heap before GC invocations=6 (full 1):
 PSYoungGen      total 141824K, used 131072K [0x00000000f5580000, 0x00000000fea80000, 0x0000000100000000)
  eden space 131072K, 100% used [0x00000000f5580000,0x00000000fd580000,0x00000000fd580000)
  from space 10752K, 0% used [0x00000000fe000000,0x00000000fe000000,0x00000000fea80000)
  to   space 10752K, 0% used [0x00000000fd580000,0x00000000fd580000,0x00000000fe000000)
 ParOldGen       total 175104K, used 7357K [0x00000000e0000000, 0x00000000eab00000, 0x00000000f5580000)
  object space 175104K, 4% used [0x00000000e0000000,0x00000000e072f640,0x00000000eab00000)
 Metaspace       used 31991K, capacity 32756K, committed 32816K, reserved 1077248K
  class space    used 4367K, capacity 4623K, committed 4656K, reserved 1048576K
Event: 15.025 GC heap after
Heap after GC invocations=6 (full 1):
 PSYoungGen      total 141824K, used 10725K [0x00000000f5580000, 0x0000000100000000, 0x0000000100000000)
  eden space 131072K, 0% used [0x00000000f5580000,0x00000000f5580000,0x00000000fd580000)
  from space 10752K, 99% used [0x00000000fd580000,0x00000000fdff9428,0x00000000fe000000)
  to   space 15872K, 0% used [0x00000000ff080000,0x00000000ff080000,0x0000000100000000)
 ParOldGen       total 175104K, used 11135K [0x00000000e0000000, 0x00000000eab00000, 0x00000000f5580000)
  object space 175104K, 6% used [0x00000000e0000000,0x00000000e0adffb8,0x00000000eab00000)
 Metaspace       used 31991K, capacity 32756K, committed 32816K, reserved 1077248K
  class space    used 4367K, capacity 4623K, committed 4656K, reserved 1048576K
}
Event: 15.744 GC heap before
{Heap before GC invocations=7 (full 1):
 PSYoungGen      total 141824K, used 57300K [0x00000000f5580000, 0x0000000100000000, 0x0000000100000000)
  eden space 131072K, 35% used [0x00000000f5580000,0x00000000f82fbbe0,0x00000000fd580000)
  from space 10752K, 99% used [0x00000000fd580000,0x00000000fdff9428,0x00000000fe000000)
  to   space 15872K, 0% used [0x00000000ff080000,0x00000000ff080000,0x0000000100000000)
 ParOldGen       total 175104K, used 11135K [0x00000000e0000000, 0x00000000eab00000, 0x00000000f5580000)
  object space 175104K, 6% used [0x00000000e0000000,0x00000000e0adffb8,0x00000000eab00000)
 Metaspace       used 34348K, capacity 35396K, committed 35496K, reserved 1079296K
  class space    used 4723K, capacity 5037K, committed 5040K, reserved 1048576K
Event: 15.757 GC heap after
Heap after GC invocations=7 (full 1):
 PSYoungGen      total 159232K, used 10602K [0x00000000f5580000, 0x0000000100000000, 0x0000000100000000)
  eden space 143360K, 0% used [0x00000000f5580000,0x00000000f5580000,0x00000000fe180000)
  from space 15872K, 66% used [0x00000000ff080000,0x00000000ffada888,0x0000000100000000)
  to   space 15360K, 0% used [0x00000000fe180000,0x00000000fe180000,0x00000000ff080000)
 ParOldGen       total 175104K, used 11143K [0x00000000e0000000, 0x00000000eab00000, 0x00000000f5580000)
  object space 175104K, 6% used [0x00000000e0000000,0x00000000e0ae1fb8,0x00000000eab00000)
 Metaspace       used 34348K, capacity 35396K, committed 35496K, reserved 1079296K
  class space    used 4723K, capacity 5037K, committed 5040K, reserved 1048576K
}
Event: 15.757 GC heap before
{Heap before GC invocations=8 (full 2):
 PSYoungGen      total 159232K, used 10602K [0x00000000f5580000, 0x0000000100000000, 0x0000000100000000)
  eden space 143360K, 0% used [0x00000000f5580000,0x00000000f5580000,0x00000000fe180000)
  from space 15872K, 66% used [0x00000000ff080000,0x00000000ffada888,0x0000000100000000)
  to   space 15360K, 0% used [0x00000000fe180000,0x00000000fe180000,0x00000000ff080000)
 ParOldGen       total 175104K, used 11143K [0x00000000e0000000, 0x00000000eab00000, 0x00000000f5580000)
  object space 175104K, 6% used [0x00000000e0000000,0x00000000e0ae1fb8,0x00000000eab00000)
 Metaspace       used 34348K, capacity 35396K, committed 35496K, reserved 1079296K
  class space    used 4723K, capacity 5037K, committed 5040K, reserved 1048576K
Event: 15.829 GC heap after
Heap after GC invocations=8 (full 2):
 PSYoungGen      total 159232K, used 0K [0x00000000f5580000, 0x0000000100000000, 0x0000000100000000)
  eden space 143360K, 0% used [0x00000000f5580000,0x00000000f5580000,0x00000000fe180000)
  from space 15872K, 0% used [0x00000000ff080000,0x00000000ff080000,0x0000000100000000)
  to   space 15360K, 0% used [0x00000000fe180000,0x00000000fe180000,0x00000000ff080000)
 ParOldGen       total 175104K, used 17059K [0x00000000e0000000, 0x00000000eab00000, 0x00000000f5580000)
  object space 175104K, 9% used [0x00000000e0000000,0x00000000e10a8df0,0x00000000eab00000)
 Metaspace       used 34348K, capacity 35396K, committed 35496K, reserved 1079296K
  class space    used 4723K, capacity 5037K, committed 5040K, reserved 1048576K
}
Event: 20.103 GC heap before
{Heap before GC invocations=9 (full 2):
 PSYoungGen      total 159232K, used 143360K [0x00000000f5580000, 0x0000000100000000, 0x0000000100000000)
  eden space 143360K, 100% used [0x00000000f5580000,0x00000000fe180000,0x00000000fe180000)
  from space 15872K, 0% used [0x00000000ff080000,0x00000000ff080000,0x0000000100000000)
  to   space 15360K, 0% used [0x00000000fe180000,0x00000000fe180000,0x00000000ff080000)
 ParOldGen       total 175104K, used 17059K [0x00000000e0000000, 0x00000000eab00000, 0x00000000f5580000)
  object space 175104K, 9% used [0x00000000e0000000,0x00000000e10a8df0,0x00000000eab00000)
 Metaspace       used 46293K, capacity 47970K, committed 48168K, reserved 1091584K
  class space    used 6222K, capacity 6678K, committed 6704K, reserved 1048576K
Event: 20.145 GC heap after
Heap after GC invocations=9 (full 2):
 PSYoungGen      total 158720K, used 15349K [0x00000000f5580000, 0x0000000100000000, 0x0000000100000000)
  eden space 143360K, 0% used [0x00000000f5580000,0x00000000f5580000,0x00000000fe180000)
  from space 15360K, 99% used [0x00000000fe180000,0x00000000ff07d5e0,0x00000000ff080000)
  to   space 15872K, 0% used [0x00000000ff080000,0x00000000ff080000,0x0000000100000000)
 ParOldGen       total 175104K, used 20906K [0x00000000e0000000, 0x00000000eab00000, 0x00000000f5580000)
  object space 175104K, 11% used [0x00000000e0000000,0x00000000e146a920,0x00000000eab00000)
 Metaspace       used 46293K, capacity 47970K, committed 48168K, reserved 1091584K
  class space    used 6222K, capacity 6678K, committed 6704K, reserved 1048576K
}
Event: 26.414 GC heap before
{Heap before GC invocations=10 (full 2):
 PSYoungGen      total 158720K, used 158709K [0x00000000f5580000, 0x0000000100000000, 0x0000000100000000)
  eden space 143360K, 100% used [0x00000000f5580000,0x00000000fe180000,0x00000000fe180000)
  from space 15360K, 99% used [0x00000000fe180000,0x00000000ff07d5e0,0x00000000ff080000)
  to   space 15872K, 0% used [0x00000000ff080000,0x00000000ff080000,0x0000000100000000)
 ParOldGen       total 175104K, used 20906K [0x00000000e0000000, 0x00000000eab00000, 0x00000000f5580000)
  object space 175104K, 11% used [0x00000000e0000000,0x00000000e146a920,0x00000000eab00000)
 Metaspace       used 54452K, capacity 56780K, committed 57000K, reserved 1097728K
  class space    used 7437K, capacity 7994K, committed 8112K, reserved 1048576K
Event: 26.447 GC heap after
Heap after GC invocations=10 (full 2):
 PSYoungGen      total 143360K, used 15845K [0x00000000f5580000, 0x0000000100000000, 0x0000000100000000)
  eden space 127488K, 0% used [0x00000000f5580000,0x00000000f5580000,0x00000000fd200000)
  from space 15872K, 99% used [0x00000000ff080000,0x00000000ffff97c8,0x0000000100000000)
  to   space 23552K, 0% used [0x00000000fd200000,0x00000000fd200000,0x00000000fe900000)
 ParOldGen       total 175104K, used 28186K [0x00000000e0000000, 0x00000000eab00000, 0x00000000f5580000)
  object space 175104K, 16% used [0x00000000e0000000,0x00000000e1b86ba0,0x00000000eab00000)
 Metaspace       used 54452K, capacity 56780K, committed 57000K, reserved 1097728K
  class space    used 7437K, capacity 7994K, committed 8112K, reserved 1048576K
}

